# JRE version: Java(TM) SE Runtime Environment (15.0.1+9) (build 15.0.1+9-18)
# Java VM: Java HotSpot(TM) 64-Bit Server VM (15.0.1+9-18, mixed mode, sharing, tiered, compressed oops, parallel gc, windows-amd64)
GC Precious Log:
 CPUs: 16 total, 16 available
 Memory: 24508M
 Large Page Support: Disabled
 NUMA Support: Disabled
 Compressed Oops: Enabled (32-bit)
 Heap Min Capacity: 100M
 Heap Initial Capacity: 100M
 Heap Max Capacity: 1G
 Pre-touch: Disabled
 Parallel Workers: 13
Heap:
 PSYoungGen      total 3072K, used 1408K [0x00000000eab00000, 0x00000000eb000000, 0x0000000100000000)
  eden space 1536K, 0% used [0x00000000eab00000,0x00000000eab00000,0x00000000eac80000)
  from space 1536K, 91% used [0x00000000eac80000,0x00000000eade0000,0x00000000eae00000)
  to   space 1536K, 0% used [0x00000000eae80000,0x00000000eae80000,0x00000000eb000000)
 ParOldGen       total 226304K, used 225363K [0x00000000c0000000, 0x00000000cdd00000, 0x00000000eab00000)
  object space 226304K, 99% used [0x00000000c0000000,0x00000000cdc14d60,0x00000000cdd00000)
 Metaspace       used 70557K, capacity 73096K, committed 73424K, reserved 1116160K
  class space    used 6519K, capacity 7433K, committed 7552K, reserved 1048576K
GC Heap History (20 events):
Event: 5072.734 GC heap after
{Heap after GC invocations=4910 (full 78):
 PSYoungGen      total 3072K, used 1507K [0x00000000eab00000, 0x00000000eb500000, 0x0000000100000000)
  eden space 1536K, 0% used [0x00000000eab00000,0x00000000eab00000,0x00000000eac80000)
  from space 1536K, 98% used [0x00000000eaf80000,0x00000000eb0f8c60,0x00000000eb100000)
  to   space 3072K, 0% used [0x00000000eac80000,0x00000000eac80000,0x00000000eaf80000)
 ParOldGen       total 226304K, used 218215K [0x00000000c0000000, 0x00000000cdd00000, 0x00000000eab00000)
  object space 226304K, 96% used [0x00000000c0000000,0x00000000cd519fa0,0x00000000cdd00000)
 Metaspace       used 70555K, capacity 73096K, committed 73424K, reserved 1116160K
  class space    used 6519K, capacity 7433K, committed 7552K, reserved 1048576K
}
Event: 5072.739 GC heap before
{Heap before GC invocations=4911 (full 78):
 PSYoungGen      total 3072K, used 3043K [0x00000000eab00000, 0x00000000eb500000, 0x0000000100000000)
  eden space 1536K, 100% used [0x00000000eab00000,0x00000000eac80000,0x00000000eac80000)
  from space 1536K, 98% used [0x00000000eaf80000,0x00000000eb0f8c60,0x00000000eb100000)
  to   space 3072K, 0% used [0x00000000eac80000,0x00000000eac80000,0x00000000eaf80000)
 ParOldGen       total 226304K, used 218215K [0x00000000c0000000, 0x00000000cdd00000, 0x00000000eab00000)
  object space 226304K, 96% used [0x00000000c0000000,0x00000000cd519fa0,0x00000000cdd00000)
 Metaspace       used 70555K, capacity 73096K, committed 73424K, reserved 1116160K
  class space    used 6519K, capacity 7433K, committed 7552K, reserved 1048576K
}
Event: 5072.740 GC heap after
{Heap after GC invocations=4911 (full 78):
 PSYoungGen      total 2560K, used 768K [0x00000000eab00000, 0x00000000eb000000, 0x0000000100000000)
  eden space 1536K, 0% used [0x00000000eab00000,0x00000000eab00000,0x00000000eac80000)
  from space 1024K, 75% used [0x00000000eac80000,0x00000000ead40000,0x00000000ead80000)
  to   space 1536K, 0% used [0x00000000eae80000,0x00000000eae80000,0x00000000eb000000)
 ParOldGen       total 226304K, used 219637K [0x00000000c0000000, 0x00000000cdd00000, 0x00000000eab00000)
  object space 226304K, 97% used [0x00000000c0000000,0x00000000cd67d618,0x00000000cdd00000)
 Metaspace       used 70555K, capacity 73096K, committed 73424K, reserved 1116160K
  class space    used 6519K, capacity 7433K, committed 7552K, reserved 1048576K
}
Event: 5074.068 GC heap before
{Heap before GC invocations=4912 (full 78):
 PSYoungGen      total 2560K, used 2304K [0x00000000eab00000, 0x00000000eb000000, 0x0000000100000000)
  eden space 1536K, 100% used [0x00000000eab00000,0x00000000eac80000,0x00000000eac80000)
  from space 1024K, 75% used [0x00000000eac80000,0x00000000ead40000,0x00000000ead80000)
  to   space 1536K, 0% used [0x00000000eae80000,0x00000000eae80000,0x00000000eb000000)
 ParOldGen       total 226304K, used 219637K [0x00000000c0000000, 0x00000000cdd00000, 0x00000000eab00000)
  object space 226304K, 97% used [0x00000000c0000000,0x00000000cd67d618,0x00000000cdd00000)
 Metaspace       used 70555K, capacity 73096K, committed 73424K, reserved 1116160K
  class space    used 6519K, capacity 7433K, committed 7552K, reserved 1048576K
}
Event: 5074.069 GC heap after
{Heap after GC invocations=4912 (full 78):
 PSYoungGen      total 2048K, used 512K [0x00000000eab00000, 0x00000000eaf00000, 0x0000000100000000)
  eden space 1536K, 0% used [0x00000000eab00000,0x00000000eab00000,0x00000000eac80000)
  from space 512K, 100% used [0x00000000eae80000,0x00000000eaf00000,0x00000000eaf00000)
  to   space 1024K, 0% used [0x00000000ead00000,0x00000000ead00000,0x00000000eae00000)
 ParOldGen       total 226304K, used 220277K [0x00000000c0000000, 0x00000000cdd00000, 0x00000000eab00000)
  object space 226304K, 97% used [0x00000000c0000000,0x00000000cd71d618,0x00000000cdd00000)
 Metaspace       used 70555K, capacity 73096K, committed 73424K, reserved 1116160K
  class space    used 6519K, capacity 7433K, committed 7552K, reserved 1048576K
}
Event: 5074.078 GC heap before
{Heap before GC invocations=4913 (full 78):
 PSYoungGen      total 2048K, used 2047K [0x00000000eab00000, 0x00000000eaf00000, 0x0000000100000000)
  eden space 1536K, 99% used [0x00000000eab00000,0x00000000eac7ffe8,0x00000000eac80000)
  from space 512K, 100% used [0x00000000eae80000,0x00000000eaf00000,0x00000000eaf00000)
  to   space 1024K, 0% used [0x00000000ead00000,0x00000000ead00000,0x00000000eae00000)
 ParOldGen       total 226304K, used 220277K [0x00000000c0000000, 0x00000000cdd00000, 0x00000000eab00000)
  object space 226304K, 97% used [0x00000000c0000000,0x00000000cd71d618,0x00000000cdd00000)
 Metaspace       used 70556K, capacity 73096K, committed 73424K, reserved 1116160K
  class space    used 6519K, capacity 7433K, committed 7552K, reserved 1048576K
}
Event: 5074.079 GC heap after
{Heap after GC invocations=4913 (full 78):
 PSYoungGen      total 2560K, used 812K [0x00000000eab00000, 0x00000000eaf00000, 0x0000000100000000)
  eden space 1536K, 0% used [0x00000000eab00000,0x00000000eab00000,0x00000000eac80000)
  from space 1024K, 79% used [0x00000000ead00000,0x00000000eadcb180,0x00000000eae00000)
  to   space 1024K, 0% used [0x00000000eae00000,0x00000000eae00000,0x00000000eaf00000)
 ParOldGen       total 226304K, used 220559K [0x00000000c0000000, 0x00000000cdd00000, 0x00000000eab00000)
  object space 226304K, 97% used [0x00000000c0000000,0x00000000cd763fe8,0x00000000cdd00000)
 Metaspace       used 70556K, capacity 73096K, committed 73424K, reserved 1116160K
  class space    used 6519K, capacity 7433K, committed 7552K, reserved 1048576K
}
Event: 5074.085 GC heap before
{Heap before GC invocations=4914 (full 78):
 PSYoungGen      total 2560K, used 2348K [0x00000000eab00000, 0x00000000eaf00000, 0x0000000100000000)
  eden space 1536K, 100% used [0x00000000eab00000,0x00000000eac80000,0x00000000eac80000)
  from space 1024K, 79% used [0x00000000ead00000,0x00000000eadcb180,0x00000000eae00000)
  to   space 1024K, 0% used [0x00000000eae00000,0x00000000eae00000,0x00000000eaf00000)
 ParOldGen       total 226304K, used 220559K [0x00000000c0000000, 0x00000000cdd00000, 0x00000000eab00000)
  object space 226304K, 97% used [0x00000000c0000000,0x00000000cd763fe8,0x00000000cdd00000)
 Metaspace       used 70556K, capacity 73096K, committed 73424K, reserved 1116160K
  class space    used 6519K, capacity 7433K, committed 7552K, reserved 1048576K
}
Event: 5074.085 GC heap after
{Heap after GC invocations=4914 (full 78):
 PSYoungGen      total 2560K, used 672K [0x00000000eab00000, 0x00000000eaf00000, 0x0000000100000000)
  eden space 1536K, 0% used [0x00000000eab00000,0x00000000eab00000,0x00000000eac80000)
  from space 1024K, 65% used [0x00000000eae00000,0x00000000eaea8000,0x00000000eaf00000)
  to   space 1024K, 0% used [0x00000000ead00000,0x00000000ead00000,0x00000000eae00000)
 ParOldGen       total 226304K, used 220941K [0x00000000c0000000, 0x00000000cdd00000, 0x00000000eab00000)
  object space 226304K, 97% used [0x00000000c0000000,0x00000000cd7c3410,0x00000000cdd00000)
 Metaspace       used 70556K, capacity 73096K, committed 73424K, reserved 1116160K
  class space    used 6519K, capacity 7433K, committed 7552K, reserved 1048576K
}
Event: 5074.088 GC heap before
{Heap before GC invocations=4915 (full 78):
 PSYoungGen      total 2560K, used 2208K [0x00000000eab00000, 0x00000000eaf00000, 0x0000000100000000)
  eden space 1536K, 100% used [0x00000000eab00000,0x00000000eac80000,0x00000000eac80000)
  from space 1024K, 65% used [0x00000000eae00000,0x00000000eaea8000,0x00000000eaf00000)
  to   space 1024K, 0% used [0x00000000ead00000,0x00000000ead00000,0x00000000eae00000)
 ParOldGen       total 226304K, used 220941K [0x00000000c0000000, 0x00000000cdd00000, 0x00000000eab00000)
  object space 226304K, 97% used [0x00000000c0000000,0x00000000cd7c3410,0x00000000cdd00000)
 Metaspace       used 70556K, capacity 73096K, committed 73424K, reserved 1116160K
  class space    used 6519K, capacity 7433K, committed 7552K, reserved 1048576K
}
Event: 5074.089 GC heap after
{Heap after GC invocations=4915 (full 78):
 PSYoungGen      total 3072K, used 800K [0x00000000eab00000, 0x00000000eaf00000, 0x0000000100000000)
  eden space 2048K, 0% used [0x00000000eab00000,0x00000000eab00000,0x00000000ead00000)
  from space 1024K, 78% used [0x00000000ead00000,0x00000000eadc8000,0x00000000eae00000)
  to   space 1024K, 0% used [0x00000000eae00000,0x00000000eae00000,0x00000000eaf00000)
 ParOldGen       total 226304K, used 221431K [0x00000000c0000000, 0x00000000cdd00000, 0x00000000eab00000)
  object space 226304K, 97% used [0x00000000c0000000,0x00000000cd83dde8,0x00000000cdd00000)
 Metaspace       used 70556K, capacity 73096K, committed 73424K, reserved 1116160K
  class space    used 6519K, capacity 7433K, committed 7552K, reserved 1048576K
}
Event: 5074.094 GC heap before
{Heap before GC invocations=4916 (full 78):
 PSYoungGen      total 3072K, used 2848K [0x00000000eab00000, 0x00000000eaf00000, 0x0000000100000000)
  eden space 2048K, 100% used [0x00000000eab00000,0x00000000ead00000,0x00000000ead00000)
  from space 1024K, 78% used [0x00000000ead00000,0x00000000eadc8000,0x00000000eae00000)
  to   space 1024K, 0% used [0x00000000eae00000,0x00000000eae00000,0x00000000eaf00000)
 ParOldGen       total 226304K, used 221431K [0x00000000c0000000, 0x00000000cdd00000, 0x00000000eab00000)
  object space 226304K, 97% used [0x00000000c0000000,0x00000000cd83dde8,0x00000000cdd00000)
 Metaspace       used 70557K, capacity 73096K, committed 73424K, reserved 1116160K
  class space    used 6519K, capacity 7433K, committed 7552K, reserved 1048576K
}
Event: 5074.096 GC heap after
{Heap after GC invocations=4916 (full 78):
 PSYoungGen      total 2048K, used 1023K [0x00000000eab00000, 0x00000000eb180000, 0x0000000100000000)
  eden space 1024K, 0% used [0x00000000eab00000,0x00000000eab00000,0x00000000eac00000)
  from space 1024K, 99% used [0x00000000eae00000,0x00000000eaefff40,0x00000000eaf00000)
  to   space 2048K, 0% used [0x00000000eac00000,0x00000000eac00000,0x00000000eae00000)
 ParOldGen       total 226304K, used 222203K [0x00000000c0000000, 0x00000000cdd00000, 0x00000000eab00000)
  object space 226304K, 98% used [0x00000000c0000000,0x00000000cd8fee20,0x00000000cdd00000)
 Metaspace       used 70557K, capacity 73096K, committed 73424K, reserved 1116160K
  class space    used 6519K, capacity 7433K, committed 7552K, reserved 1048576K
}
Event: 5074.100 GC heap before
{Heap before GC invocations=4917 (full 78):
 PSYoungGen      total 2048K, used 2047K [0x00000000eab00000, 0x00000000eb180000, 0x0000000100000000)
  eden space 1024K, 99% used [0x00000000eab00000,0x00000000eabfffa0,0x00000000eac00000)
  from space 1024K, 99% used [0x00000000eae00000,0x00000000eaefff40,0x00000000eaf00000)
  to   space 2048K, 0% used [0x00000000eac00000,0x00000000eac00000,0x00000000eae00000)
 ParOldGen       total 226304K, used 222203K [0x00000000c0000000, 0x00000000cdd00000, 0x00000000eab00000)
  object space 226304K, 98% used [0x00000000c0000000,0x00000000cd8fee20,0x00000000cdd00000)
 Metaspace       used 70557K, capacity 73096K, committed 73424K, reserved 1116160K
  class space    used 6519K, capacity 7433K, committed 7552K, reserved 1048576K
}
Event: 5074.102 GC heap after
{Heap after GC invocations=4917 (full 78):
 PSYoungGen      total 3072K, used 1152K [0x00000000eab00000, 0x00000000eaf80000, 0x0000000100000000)
  eden space 1024K, 0% used [0x00000000eab00000,0x00000000eab00000,0x00000000eac00000)
  from space 2048K, 56% used [0x00000000eac00000,0x00000000ead20000,0x00000000eae00000)
  to   space 1536K, 0% used [0x00000000eae00000,0x00000000eae00000,0x00000000eaf80000)
 ParOldGen       total 226304K, used 223267K [0x00000000c0000000, 0x00000000cdd00000, 0x00000000eab00000)
  object space 226304K, 98% used [0x00000000c0000000,0x00000000cda08d60,0x00000000cdd00000)
 Metaspace       used 70557K, capacity 73096K, committed 73424K, reserved 1116160K
  class space    used 6519K, capacity 7433K, committed 7552K, reserved 1048576K
}
Event: 5074.106 GC heap before
{Heap before GC invocations=4918 (full 78):
 PSYoungGen      total 3072K, used 2176K [0x00000000eab00000, 0x00000000eaf80000, 0x0000000100000000)
  eden space 1024K, 100% used [0x00000000eab00000,0x00000000eac00000,0x00000000eac00000)
  from space 2048K, 56% used [0x00000000eac00000,0x00000000ead20000,0x00000000eae00000)
  to   space 1536K, 0% used [0x00000000eae00000,0x00000000eae00000,0x00000000eaf80000)
 ParOldGen       total 226304K, used 223267K [0x00000000c0000000, 0x00000000cdd00000, 0x00000000eab00000)
  object space 226304K, 98% used [0x00000000c0000000,0x00000000cda08d60,0x00000000cdd00000)
 Metaspace       used 70557K, capacity 73096K, committed 73424K, reserved 1116160K
  class space    used 6519K, capacity 7433K, committed 7552K, reserved 1048576K
}
Event: 5074.110 GC heap after
{Heap after GC invocations=4918 (full 78):
 PSYoungGen      total 3072K, used 1216K [0x00000000eab00000, 0x00000000eaf80000, 0x0000000100000000)
  eden space 1536K, 0% used [0x00000000eab00000,0x00000000eab00000,0x00000000eac80000)
  from space 1536K, 79% used [0x00000000eae00000,0x00000000eaf30000,0x00000000eaf80000)
  to   space 1536K, 0% used [0x00000000eac80000,0x00000000eac80000,0x00000000eae00000)
 ParOldGen       total 226304K, used 224307K [0x00000000c0000000, 0x00000000cdd00000, 0x00000000eab00000)
  object space 226304K, 99% used [0x00000000c0000000,0x00000000cdb0cd60,0x00000000cdd00000)
 Metaspace       used 70557K, capacity 73096K, committed 73424K, reserved 1116160K
  class space    used 6519K, capacity 7433K, committed 7552K, reserved 1048576K
}
Event: 5074.117 GC heap before
{Heap before GC invocations=4919 (full 78):
 PSYoungGen      total 3072K, used 2752K [0x00000000eab00000, 0x00000000eaf80000, 0x0000000100000000)
  eden space 1536K, 100% used [0x00000000eab00000,0x00000000eac80000,0x00000000eac80000)
  from space 1536K, 79% used [0x00000000eae00000,0x00000000eaf30000,0x00000000eaf80000)
  to   space 1536K, 0% used [0x00000000eac80000,0x00000000eac80000,0x00000000eae00000)
 ParOldGen       total 226304K, used 224307K [0x00000000c0000000, 0x00000000cdd00000, 0x00000000eab00000)
  object space 226304K, 99% used [0x00000000c0000000,0x00000000cdb0cd60,0x00000000cdd00000)
 Metaspace       used 70557K, capacity 73096K, committed 73424K, reserved 1116160K
  class space    used 6519K, capacity 7433K, committed 7552K, reserved 1048576K
}
Event: 5074.120 GC heap after
{Heap after GC invocations=4919 (full 78):
 PSYoungGen      total 3072K, used 1408K [0x00000000eab00000, 0x00000000eb000000, 0x0000000100000000)
  eden space 1536K, 0% used [0x00000000eab00000,0x00000000eab00000,0x00000000eac80000)
  from space 1536K, 91% used [0x00000000eac80000,0x00000000eade0000,0x00000000eae00000)
  to   space 1536K, 0% used [0x00000000eae80000,0x00000000eae80000,0x00000000eb000000)
 ParOldGen       total 226304K, used 225363K [0x00000000c0000000, 0x00000000cdd00000, 0x00000000eab00000)
  object space 226304K, 99% used [0x00000000c0000000,0x00000000cdc14d60,0x00000000cdd00000)
 Metaspace       used 70557K, capacity 73096K, committed 73424K, reserved 1116160K
  class space    used 6519K, capacity 7433K, committed 7552K, reserved 1048576K
}
Event: 5074.120 GC heap before
{Heap before GC invocations=4920 (full 79):
 PSYoungGen      total 3072K, used 1408K [0x00000000eab00000, 0x00000000eb000000, 0x0000000100000000)
  eden space 1536K, 0% used [0x00000000eab00000,0x00000000eab00000,0x00000000eac80000)
  from space 1536K, 91% used [0x00000000eac80000,0x00000000eade0000,0x00000000eae00000)
  to   space 1536K, 0% used [0x00000000eae80000,0x00000000eae80000,0x00000000eb000000)
 ParOldGen       total 226304K, used 225363K [0x00000000c0000000, 0x00000000cdd00000, 0x00000000eab00000)
  object space 226304K, 99% used [0x00000000c0000000,0x00000000cdc14d60,0x00000000cdd00000)
 Metaspace       used 70557K, capacity 73096K, committed 73424K, reserved 1116160K
  class space    used 6519K, capacity 7433K, committed 7552K, reserved 1048576K
}

