# JRE version: Java(TM) SE Runtime Environment (15.0.1+9) (build 15.0.1+9-18)
# Java VM: Java HotSpot(TM) 64-Bit Server VM (15.0.1+9-18, mixed mode, sharing, tiered, compressed oops, g1 gc, windows-amd64)
GC Precious Log:
 CPUs: 16 total, 16 available
 Memory: 24508M
 Large Page Support: Disabled
 NUMA Support: Disabled
 Compressed Oops: Enabled (Zero based)
 Heap Region Size: 4M
 Heap Min Capacity: 8M
 Heap Initial Capacity: 384M
 Heap Max Capacity: 6128M
 Pre-touch: Disabled
 Parallel Workers: 13
 Concurrent Workers: 3
 Concurrent Refinement Workers: 13
 Periodic GC: Disabled
Heap:
 garbage-first heap   total 630784K, used 421457K [0x0000000681000000, 0x0000000800000000)
  region size 4096K, 7 young (28672K), 3 survivors (12288K)
 Metaspace       used 22416K, capacity 22592K, committed 22960K, reserved 1071104K
  class space    used 2161K, capacity 2238K, committed 2304K, reserved 1048576K
GC Heap History (20 events):
Event: 10.990 GC heap before
{Heap before GC invocations=13 (full 0):
 garbage-first heap   total 155648K, used 126626K [0x0000000681000000, 0x0000000800000000)
  region size 4096K, 2 young (8192K), 1 survivors (4096K)
 Metaspace       used 21917K, capacity 22176K, committed 22448K, reserved 1069056K
  class space    used 2111K, capacity 2206K, committed 2304K, reserved 1048576K
}
Event: 10.999 GC heap after
{Heap after GC invocations=14 (full 0):
 garbage-first heap   total 155648K, used 127158K [0x0000000681000000, 0x0000000800000000)
  region size 4096K, 1 young (4096K), 1 survivors (4096K)
 Metaspace       used 21917K, capacity 22176K, committed 22448K, reserved 1069056K
  class space    used 2111K, capacity 2206K, committed 2304K, reserved 1048576K
}
Event: 11.024 GC heap before
{Heap before GC invocations=14 (full 0):
 garbage-first heap   total 225280K, used 131254K [0x0000000681000000, 0x0000000800000000)
  region size 4096K, 2 young (8192K), 1 survivors (4096K)
 Metaspace       used 21917K, capacity 22176K, committed 22448K, reserved 1069056K
  class space    used 2111K, capacity 2206K, committed 2304K, reserved 1048576K
}
Event: 11.033 GC heap after
{Heap after GC invocations=15 (full 0):
 garbage-first heap   total 225280K, used 131653K [0x0000000681000000, 0x0000000800000000)
  region size 4096K, 1 young (4096K), 1 survivors (4096K)
 Metaspace       used 21917K, capacity 22176K, committed 22448K, reserved 1069056K
  class space    used 2111K, capacity 2206K, committed 2304K, reserved 1048576K
}
Event: 11.153 GC heap before
{Heap before GC invocations=16 (full 0):
 garbage-first heap   total 225280K, used 152133K [0x0000000681000000, 0x0000000800000000)
  region size 4096K, 6 young (24576K), 1 survivors (4096K)
 Metaspace       used 21917K, capacity 22176K, committed 22448K, reserved 1069056K
  class space    used 2111K, capacity 2206K, committed 2304K, reserved 1048576K
}
Event: 11.168 GC heap after
{Heap after GC invocations=17 (full 0):
 garbage-first heap   total 225280K, used 152343K [0x0000000681000000, 0x0000000800000000)
  region size 4096K, 1 young (4096K), 1 survivors (4096K)
 Metaspace       used 21917K, capacity 22176K, committed 22448K, reserved 1069056K
  class space    used 2111K, capacity 2206K, committed 2304K, reserved 1048576K
}
Event: 11.226 GC heap before
{Heap before GC invocations=17 (full 0):
 garbage-first heap   total 225280K, used 164631K [0x0000000681000000, 0x0000000800000000)
  region size 4096K, 4 young (16384K), 1 survivors (4096K)
 Metaspace       used 21917K, capacity 22176K, committed 22448K, reserved 1069056K
  class space    used 2111K, capacity 2206K, committed 2304K, reserved 1048576K
}
Event: 11.239 GC heap after
{Heap after GC invocations=18 (full 0):
 garbage-first heap   total 270336K, used 165959K [0x0000000681000000, 0x0000000800000000)
  region size 4096K, 1 young (4096K), 1 survivors (4096K)
 Metaspace       used 21917K, capacity 22176K, committed 22448K, reserved 1069056K
  class space    used 2111K, capacity 2206K, committed 2304K, reserved 1048576K
}
Event: 11.344 GC heap before
{Heap before GC invocations=18 (full 0):
 garbage-first heap   total 315392K, used 182343K [0x0000000681000000, 0x0000000800000000)
  region size 4096K, 5 young (20480K), 1 survivors (4096K)
 Metaspace       used 21917K, capacity 22176K, committed 22448K, reserved 1069056K
  class space    used 2111K, capacity 2206K, committed 2304K, reserved 1048576K
}
Event: 11.359 GC heap after
{Heap after GC invocations=19 (full 0):
 garbage-first heap   total 315392K, used 183315K [0x0000000681000000, 0x0000000800000000)
  region size 4096K, 1 young (4096K), 1 survivors (4096K)
 Metaspace       used 21917K, capacity 22176K, committed 22448K, reserved 1069056K
  class space    used 2111K, capacity 2206K, committed 2304K, reserved 1048576K
}
Event: 11.529 GC heap before
{Heap before GC invocations=20 (full 0):
 garbage-first heap   total 315392K, used 207891K [0x0000000681000000, 0x0000000800000000)
  region size 4096K, 7 young (28672K), 1 survivors (4096K)
 Metaspace       used 21917K, capacity 22176K, committed 22448K, reserved 1069056K
  class space    used 2111K, capacity 2206K, committed 2304K, reserved 1048576K
}
Event: 11.545 GC heap after
{Heap after GC invocations=21 (full 0):
 garbage-first heap   total 315392K, used 209491K [0x0000000681000000, 0x0000000800000000)
  region size 4096K, 1 young (4096K), 1 survivors (4096K)
 Metaspace       used 21917K, capacity 22176K, committed 22448K, reserved 1069056K
  class space    used 2111K, capacity 2206K, committed 2304K, reserved 1048576K
}
Event: 11.620 GC heap before
{Heap before GC invocations=21 (full 0):
 garbage-first heap   total 315392K, used 225875K [0x0000000681000000, 0x0000000800000000)
  region size 4096K, 5 young (20480K), 1 survivors (4096K)
 Metaspace       used 21917K, capacity 22176K, committed 22448K, reserved 1069056K
  class space    used 2111K, capacity 2206K, committed 2304K, reserved 1048576K
}
Event: 11.632 GC heap after
{Heap after GC invocations=22 (full 0):
 garbage-first heap   total 315392K, used 228130K [0x0000000681000000, 0x0000000800000000)
  region size 4096K, 1 young (4096K), 1 survivors (4096K)
 Metaspace       used 21917K, capacity 22176K, committed 22448K, reserved 1069056K
  class space    used 2111K, capacity 2206K, committed 2304K, reserved 1048576K
}
Event: 11.698 GC heap before
{Heap before GC invocations=22 (full 0):
 garbage-first heap   total 315392K, used 240418K [0x0000000681000000, 0x0000000800000000)
  region size 4096K, 4 young (16384K), 1 survivors (4096K)
 Metaspace       used 21917K, capacity 22176K, committed 22448K, reserved 1069056K
  class space    used 2111K, capacity 2206K, committed 2304K, reserved 1048576K
}
Event: 11.712 GC heap after
{Heap after GC invocations=23 (full 0):
 garbage-first heap   total 630784K, used 241692K [0x0000000681000000, 0x0000000800000000)
  region size 4096K, 1 young (4096K), 1 survivors (4096K)
 Metaspace       used 21917K, capacity 22176K, committed 22448K, reserved 1069056K
  class space    used 2111K, capacity 2206K, committed 2304K, reserved 1048576K
}
Event: 12.281 GC heap before
{Heap before GC invocations=24 (full 0):
 garbage-first heap   total 630784K, used 335900K [0x0000000681000000, 0x0000000800000000)
  region size 4096K, 24 young (98304K), 1 survivors (4096K)
 Metaspace       used 21917K, capacity 22176K, committed 22448K, reserved 1069056K
  class space    used 2111K, capacity 2206K, committed 2304K, reserved 1048576K
}
Event: 12.343 GC heap after
{Heap after GC invocations=25 (full 0):
 garbage-first heap   total 630784K, used 337342K [0x0000000681000000, 0x0000000800000000)
  region size 4096K, 3 young (12288K), 3 survivors (12288K)
 Metaspace       used 21917K, capacity 22176K, committed 22448K, reserved 1069056K
  class space    used 2111K, capacity 2206K, committed 2304K, reserved 1048576K
}
Event: 12.648 GC heap before
{Heap before GC invocations=25 (full 0):
 garbage-first heap   total 630784K, used 402878K [0x0000000681000000, 0x0000000800000000)
  region size 4096K, 19 young (77824K), 3 survivors (12288K)
 Metaspace       used 21917K, capacity 22176K, committed 22448K, reserved 1069056K
  class space    used 2111K, capacity 2206K, committed 2304K, reserved 1048576K
}
Event: 12.692 GC heap after
{Heap after GC invocations=26 (full 0):
 garbage-first heap   total 630784K, used 409169K [0x0000000681000000, 0x0000000800000000)
  region size 4096K, 3 young (12288K), 3 survivors (12288K)
 Metaspace       used 21917K, capacity 22176K, committed 22448K, reserved 1069056K
  class space    used 2111K, capacity 2206K, committed 2304K, reserved 1048576K
}

